04-Feb-24 23:35:09 - Test Speaker: F01
04-Feb-24 23:35:09 - Log File Path: /output/logs/torgo_xlsr_finetune_F01_keep_all/F01_evaluate_20240204_233509.log

04-Feb-24 23:35:09 - Keep all data in training/validation/test sets

04-Feb-24 23:35:10 - Using GPU: Tesla T4

04-Feb-24 23:35:10 - Loading the model and processor from macarious/torgo_xlsr_finetune_F01_keep_all
04-Feb-24 23:35:38 - Model loaded from macarious/torgo_xlsr_finetune_F01_keep_all
04-Feb-24 23:35:39 - Processor loaded from macarious/torgo_xlsr_finetune_F01_keep_all

04-Feb-24 23:35:40 - Splitting the dataset into training / validation / test sets...
04-Feb-24 23:35:40 - Unique speakers found in the dataset:
04-Feb-24 23:35:40 - ['F01' 'F03' 'F04' 'FC01' 'FC02' 'FC03' 'M01' 'M02' 'M03' 'M04' 'M05'
 'MC01' 'MC02' 'MC03' 'MC04']

04-Feb-24 23:36:31 - After filtering audio within a certain length, the number of data in each dataset is:
04-Feb-24 23:36:31 - Train:       14854/15091 (98%)
04-Feb-24 23:36:31 - Validation:  1017/1075 (94%)
04-Feb-24 23:36:31 - Test:        211/228 (92%)

04-Feb-24 23:36:31 - Start Evaluation
04-Feb-24 23:36:32 - Predicting on the training set...
04-Feb-24 23:53:14 - Word Error Rate: 0.012423384547728334
04-Feb-24 23:53:14 - Predictions saved to: /output/results/torgo_xlsr_finetune_F01_keep_all/F01_predictions_train.csv

04-Feb-24 23:53:14 - Predicting on the validation set...
04-Feb-24 23:54:20 - Word Error Rate: 0.23291332569683085
04-Feb-24 23:54:20 - Predictions saved to: /output/results/torgo_xlsr_finetune_F01_keep_all/F01_predictions_validation.csv

04-Feb-24 23:54:20 - Predicting on the test set...
04-Feb-24 23:54:34 - Word Error Rate: 0.4645030425963489
04-Feb-24 23:54:34 - Predictions saved to: /output/results/torgo_xlsr_finetune_F01_keep_all/F01_predictions_test.csv

04-Feb-24 23:54:34 - Summary of Word Error Rates saved to /output/results/torgo_xlsr_finetune_F01_keep_all/F01_wer_summary.csv

04-Feb-24 23:54:34 - End of Script
04-Feb-24 23:54:34 - --------------------------------------------

