04-Feb-24 04:36:06 - Test Speaker: F01
04-Feb-24 04:36:06 - Log File Path: /output/logs/torgo_xlsr_finetune_F01_keep_all/F01_train_20240204_043606.log

04-Feb-24 04:36:06 - Keep all data in training/validation/test sets

04-Feb-24 04:36:06 - Using GPU: Tesla T4

04-Feb-24 04:36:06 - Splitting the dataset into training / validation / test sets...
04-Feb-24 04:36:06 - Unique speakers found in the dataset:
04-Feb-24 04:36:06 - ['F01' 'F03' 'F04' 'FC01' 'FC02' 'FC03' 'M01' 'M02' 'M03' 'M04' 'M05'
 'MC01' 'MC02' 'MC03' 'MC04']

04-Feb-24 04:36:06 - Vocab Dictionary:
04-Feb-24 04:36:06 - {'[PAD]': 0, '<s>': 1, '</s>': 2, '[UNK]': 3, "'": 4, 'a': 5, 'b': 6, 'c': 7, 'd': 8, 'e': 9, 'f': 10, 'g': 11, 'h': 12, 'i': 13, 'j': 14, 'k': 15, 'l': 16, 'm': 17, 'n': 18, 'o': 19, 'p': 20, 'q': 21, 'r': 22, 's': 23, 't': 24, 'u': 25, 'v': 26, 'w': 27, 'x': 28, 'y': 29, 'z': 30, '|': 31}

04-Feb-24 04:37:14 - After filtering audio within a certain length, the number of data in each dataset is:
04-Feb-24 04:37:14 - Train:       14854/15091 (98%)
04-Feb-24 04:37:14 - Validation:  1017/1075 (94%)
04-Feb-24 04:37:14 - Test:        211/228 (92%)

04-Feb-24 04:37:44 - /output/model/torgo_xlsr_finetune_F01_keep_all is already a clone of https://huggingface.co/macarious/torgo_xlsr_finetune_F01_keep_all. Make sure you pull the latest changes with `repo.git_pull()`.
04-Feb-24 04:37:46 - Start Training
04-Feb-24 04:37:46 - Training Arguments:
04-Feb-24 04:37:46 - {'Training Epochs': 20, 'Training Batch Size': 4, 'Evaluation Batch Size': 4, 'Learning Rate': 0.0001, 'Weight Decay': 0.005}
04-Feb-24 04:37:46 - Checkpoint found in the repository. Checkpoint files found: ['checkpoint-500']
04-Feb-24 04:37:46 - Resuming from checkpoint: /output/model/torgo_xlsr_finetune_F01_keep_all/checkpoint-500

04-Feb-24 04:51:03 - Current Word Error Rate: 1.0
04-Feb-24 05:09:10 - Current Word Error Rate: 0.8696149447197865
04-Feb-24 05:27:22 - Current Word Error Rate: 0.7098741898589401
04-Feb-24 05:45:34 - Current Word Error Rate: 0.5810141059855127
04-Feb-24 06:03:40 - Current Word Error Rate: 0.4746473503621807
04-Feb-24 06:21:42 - Current Word Error Rate: 0.4285169653069005
04-Feb-24 06:39:54 - Current Word Error Rate: 0.4757910789172703
04-Feb-24 06:57:57 - Current Word Error Rate: 0.40831109416698436
04-Feb-24 07:16:02 - Current Word Error Rate: 0.38810522302706824
04-Feb-24 07:34:21 - Current Word Error Rate: 0.34731223789553944
04-Feb-24 07:52:30 - Current Word Error Rate: 0.3351124666412505
04-Feb-24 08:10:37 - Current Word Error Rate: 0.34121235226839497
04-Feb-24 08:28:41 - Current Word Error Rate: 0.3206252382767823
04-Feb-24 08:46:49 - Current Word Error Rate: 0.30499428135722456
04-Feb-24 09:04:59 - Current Word Error Rate: 0.2992756385817766
04-Feb-24 09:23:05 - Current Word Error Rate: 0.3145253526496378
04-Feb-24 09:41:18 - Current Word Error Rate: 0.3034693099504384
04-Feb-24 09:59:26 - Current Word Error Rate: 0.2866946244757911
04-Feb-24 10:17:31 - Current Word Error Rate: 0.2752573389248952
04-Feb-24 10:35:44 - Current Word Error Rate: 0.267251239039268
04-Feb-24 10:53:55 - Current Word Error Rate: 0.24818909645444148
04-Feb-24 11:11:59 - Current Word Error Rate: 0.24895158215783453
04-Feb-24 11:30:10 - Current Word Error Rate: 0.24513915364086925
04-Feb-24 11:48:17 - Current Word Error Rate: 0.24818909645444148
