02-Feb-24 14:05:21 - Test Speaker: M02
02-Feb-24 14:05:21 - Log File Path: /output/logs/M02_evaluate__keep_all20240202_140521.log

02-Feb-24 14:05:21 - Keep all data in training/validation/test sets

02-Feb-24 14:05:22 - Using GPU: Tesla T4

02-Feb-24 14:05:22 - Loading the model and processor from macarious/torgo_xlsr_finetune_M02_keep_all
02-Feb-24 14:06:02 - Model loaded from macarious/torgo_xlsr_finetune_M02_keep_all
02-Feb-24 14:06:03 - Processor loaded from macarious/torgo_xlsr_finetune_M02_keep_all

02-Feb-24 14:06:03 - Splitting the dataset into training / validation / test sets...
02-Feb-24 14:06:03 - Unique speakers found in the dataset:
02-Feb-24 14:06:03 - ['F01' 'F03' 'F04' 'FC01' 'FC02' 'FC03' 'M01' 'M02' 'M03' 'M04' 'M05'
 'MC01' 'MC02' 'MC03' 'MC04']

02-Feb-24 14:07:19 - After filtering audio within a certain length, the number of data in each dataset is:
02-Feb-24 14:07:19 - Train:       14330/14553 (98%)
02-Feb-24 14:07:19 - Validation:  1017/1075 (94%)
02-Feb-24 14:07:19 - Test:        735/766 (95%)

02-Feb-24 14:07:19 - Start Evaluation
02-Feb-24 14:07:28 - Predicting on the training set...
02-Feb-24 14:23:01 - Word Error Rate: 0.012417429762141014
02-Feb-24 14:23:01 - Predictions saved to: /output/results/torgo_xlsr_finetune_M02_keep_all/M02_predictions_train.csv

02-Feb-24 14:23:01 - Predicting on the validation set...
02-Feb-24 14:24:03 - Word Error Rate: 0.24627720504009165
02-Feb-24 14:24:04 - Predictions saved to: /output/results/torgo_xlsr_finetune_M02_keep_all/M02_predictions_validation.csv

02-Feb-24 14:24:04 - Predicting on the test set...
02-Feb-24 14:25:00 - Word Error Rate: 0.543980037429819
02-Feb-24 14:25:00 - Predictions saved to: /output/results/torgo_xlsr_finetune_M02_keep_all/M02_predictions_test.csv

02-Feb-24 14:25:00 - Summary of Word Error Rates saved to /output/results/torgo_xlsr_finetune_M02_keep_all/M02_wer_summary.csv

02-Feb-24 14:25:00 - End of Script
02-Feb-24 14:25:00 - --------------------------------------------

