02-Feb-24 00:04:17 - Test Speaker: M02
02-Feb-24 00:04:17 - Log File Path: /output/logs/M02_train_keep_all_20240202_000417.log

02-Feb-24 00:04:17 - Keep all data in training/validation/test sets

02-Feb-24 00:04:17 - Using GPU: Tesla T4

02-Feb-24 00:04:17 - Splitting the dataset into training / validation / test sets...
02-Feb-24 00:04:17 - Unique speakers found in the dataset:
02-Feb-24 00:04:17 - ['F01' 'F03' 'F04' 'FC01' 'FC02' 'FC03' 'M01' 'M02' 'M03' 'M04' 'M05'
 'MC01' 'MC02' 'MC03' 'MC04']

02-Feb-24 00:04:19 - Vocab Dictionary:
02-Feb-24 00:04:19 - {'[PAD]': 0, '<s>': 1, '</s>': 2, '[UNK]': 3, "'": 4, 'a': 5, 'b': 6, 'c': 7, 'd': 8, 'e': 9, 'f': 10, 'g': 11, 'h': 12, 'i': 13, 'j': 14, 'k': 15, 'l': 16, 'm': 17, 'n': 18, 'o': 19, 'p': 20, 'q': 21, 'r': 22, 's': 23, 't': 24, 'u': 25, 'v': 26, 'w': 27, 'x': 28, 'y': 29, 'z': 30, '|': 31}

02-Feb-24 00:05:24 - After filtering audio within a certain length, the number of data in each dataset is:
02-Feb-24 00:05:24 - Train:       14330/14553 (98%)
02-Feb-24 00:05:24 - Validation:  1017/1075 (94%)
02-Feb-24 00:05:24 - Test:        735/766 (95%)

02-Feb-24 00:05:29 - Cloning https://huggingface.co/macarious/torgo_xlsr_finetune_M02_keep_all into local empty directory.
02-Feb-24 00:05:33 - Start Training
02-Feb-24 00:05:33 - Training Arguments:
02-Feb-24 00:05:33 - {'Training Epochs': 20, 'Training Batch Size': 4, 'Evaluation Batch Size': 4, 'Learning Rate': 0.0001, 'Weight Decay': 0.005}
02-Feb-24 00:05:33 - No checkpoint found in the repository. Training from scratch.
02-Feb-24 00:23:24 - Current Word Error Rate: 1.0
02-Feb-24 00:40:14 - Current Word Error Rate: 0.8898208158597026
02-Feb-24 00:57:04 - Current Word Error Rate: 0.6683187190240183
02-Feb-24 01:13:54 - Current Word Error Rate: 0.5958825772016775
02-Feb-24 01:30:41 - Current Word Error Rate: 0.49866565001906216
02-Feb-24 01:47:27 - Current Word Error Rate: 0.42279832253145255
02-Feb-24 02:04:14 - Current Word Error Rate: 0.3987800228745711
02-Feb-24 02:21:00 - Current Word Error Rate: 0.4273732367518109
02-Feb-24 02:37:45 - Current Word Error Rate: 0.40144872283644684
02-Feb-24 02:54:33 - Current Word Error Rate: 0.3385436523065192
02-Feb-24 03:11:24 - Current Word Error Rate: 0.3427373236751811
02-Feb-24 03:28:16 - Current Word Error Rate: 0.30842546702249335
02-Feb-24 03:45:04 - Current Word Error Rate: 0.31223789553945863
02-Feb-24 04:01:53 - Current Word Error Rate: 0.3316812809759817
02-Feb-24 04:18:45 - Current Word Error Rate: 0.2947007243614182
02-Feb-24 04:35:41 - Current Word Error Rate: 0.29965688143347313
