05-Feb-24 17:17:28 - Test Speaker: F03
05-Feb-24 17:17:28 - Log File Path: /output/logs/torgo_xlsr_finetune_F03/F03_evaluate_20240205_171728.log

05-Feb-24 17:17:29 - Using GPU: Tesla T4

05-Feb-24 17:17:29 - Loading the model and processor from macarious/torgo_xlsr_finetune_F03
05-Feb-24 17:17:51 - Model loaded from macarious/torgo_xlsr_finetune_F03
05-Feb-24 17:17:52 - Processor loaded from macarious/torgo_xlsr_finetune_F03

05-Feb-24 17:17:53 - Splitting the dataset into training / validation / test sets...
05-Feb-24 17:17:53 - Unique speakers found in the dataset:
05-Feb-24 17:17:53 - ['F01' 'F03' 'F04' 'FC01' 'FC02' 'FC03' 'M01' 'M02' 'M03' 'M04' 'M05'
 'MC01' 'MC02' 'MC03' 'MC04']

05-Feb-24 17:17:54 - After applying the text count threshold of 40, the number of data in each dataset is:
05-Feb-24 17:17:54 - Train:       7601/14652 (51%)
05-Feb-24 17:17:54 - Validation:  252/667 (37%)
05-Feb-24 17:17:54 - Test:        794/1075 (73%)

05-Feb-24 17:18:43 - After filtering audio within a certain length, the number of data in each dataset is:
05-Feb-24 17:18:43 - Train:       7567/14652 (51%)
05-Feb-24 17:18:43 - Validation:  245/667 (36%)
05-Feb-24 17:18:43 - Test:        756/1075 (70%)

05-Feb-24 17:18:43 - Start Evaluation
05-Feb-24 17:18:55 - Predicting on the training set...
05-Feb-24 17:26:45 - Word Error Rate: 0.018893129770992365
05-Feb-24 17:26:45 - Predictions saved to: /output/results/torgo_xlsr_finetune_F03/F03_predictions_train.csv

05-Feb-24 17:26:45 - Predicting on the validation set...
05-Feb-24 17:27:02 - Word Error Rate: 0.13192612137203166
05-Feb-24 17:27:02 - Predictions saved to: /output/results/torgo_xlsr_finetune_F03/F03_predictions_validation.csv

05-Feb-24 17:27:02 - Predicting on the test set...
05-Feb-24 17:27:54 - Word Error Rate: 0.6929601357082273
05-Feb-24 17:27:54 - Predictions saved to: /output/results/torgo_xlsr_finetune_F03/F03_predictions_test.csv

05-Feb-24 17:27:54 - Summary of Word Error Rates saved to /output/results/torgo_xlsr_finetune_F03/F03_wer_summary.csv

05-Feb-24 17:27:54 - End of Script
05-Feb-24 17:27:54 - --------------------------------------------

