03-Feb-24 13:28:36 - Test Speaker: M05
03-Feb-24 13:28:36 - Log File Path: /output/logs/torgo_xlsr_finetune_M05/M05_evaluate_20240203_132836.log

03-Feb-24 13:28:36 - Using GPU: Tesla T4

03-Feb-24 13:28:36 - Loading the model and processor from macarious/torgo_xlsr_finetune_M05
03-Feb-24 13:28:46 - Model loaded from macarious/torgo_xlsr_finetune_M05
03-Feb-24 13:28:47 - Processor loaded from macarious/torgo_xlsr_finetune_M05

03-Feb-24 13:28:47 - Splitting the dataset into training / validation / test sets...
03-Feb-24 13:28:47 - Unique speakers found in the dataset:
03-Feb-24 13:28:47 - ['F01' 'F03' 'F04' 'FC01' 'FC02' 'FC03' 'M01' 'M02' 'M03' 'M04' 'M05'
 'MC01' 'MC02' 'MC03' 'MC04']

03-Feb-24 13:28:48 - After applying the text count threshold of 40, the number of data in each dataset is:
03-Feb-24 13:28:48 - Train:       8108/14746 (54%)
03-Feb-24 13:28:48 - Validation:  476/1075 (44%)
03-Feb-24 13:28:48 - Test:        390/573 (68%)

03-Feb-24 13:29:18 - After filtering audio within a certain length, the number of data in each dataset is:
03-Feb-24 13:29:18 - Train:       8071/14746 (54%)
03-Feb-24 13:29:18 - Validation:  454/1075 (42%)
03-Feb-24 13:29:18 - Test:        328/573 (57%)

03-Feb-24 13:29:18 - Start Evaluation
03-Feb-24 13:29:19 - Predicting on the training set...
03-Feb-24 13:37:09 - Word Error Rate: 0.015707118967988532
03-Feb-24 13:37:09 - Predictions saved to: /output/results/torgo_xlsr_finetune_M05/M05_predictions_train.csv

03-Feb-24 13:37:09 - Predicting on the validation set...
03-Feb-24 13:37:34 - Word Error Rate: 0.3588516746411483
03-Feb-24 13:37:34 - Predictions saved to: /output/results/torgo_xlsr_finetune_M05/M05_predictions_validation.csv

03-Feb-24 13:37:34 - Predicting on the test set...
03-Feb-24 13:38:04 - Word Error Rate: 0.9191176470588235
03-Feb-24 13:38:04 - Predictions saved to: /output/results/torgo_xlsr_finetune_M05/M05_predictions_test.csv

03-Feb-24 13:38:04 - Summary of Word Error Rates saved to /output/results/torgo_xlsr_finetune_M05/M05_wer_summary.csv

03-Feb-24 13:38:04 - End of Script
03-Feb-24 13:38:04 - --------------------------------------------

