04-Feb-24 02:43:41 - Test Speaker: F01
04-Feb-24 02:43:41 - Log File Path: /output/logs/torgo_xlsr_finetune_F01/F01_evaluate_20240204_024341.log

04-Feb-24 02:43:41 - Using GPU: Tesla T4

04-Feb-24 02:43:41 - Loading the model and processor from macarious/torgo_xlsr_finetune_F01
04-Feb-24 02:44:08 - Model loaded from macarious/torgo_xlsr_finetune_F01
04-Feb-24 02:44:09 - Processor loaded from macarious/torgo_xlsr_finetune_F01

04-Feb-24 02:44:09 - Splitting the dataset into training / validation / test sets...
04-Feb-24 02:44:09 - Unique speakers found in the dataset:
04-Feb-24 02:44:09 - ['F01' 'F03' 'F04' 'FC01' 'FC02' 'FC03' 'M01' 'M02' 'M03' 'M04' 'M05'
 'MC01' 'MC02' 'MC03' 'MC04']

04-Feb-24 02:44:10 - After applying the text count threshold of 40, the number of data in each dataset is:
04-Feb-24 02:44:10 - Train:       13529/15091 (89%)
04-Feb-24 02:44:10 - Validation:  957/1075 (89%)
04-Feb-24 02:44:10 - Test:        134/228 (58%)

04-Feb-24 02:44:54 - After filtering audio within a certain length, the number of data in each dataset is:
04-Feb-24 02:44:54 - Train:       13374/15091 (88%)
04-Feb-24 02:44:54 - Validation:  913/1075 (84%)
04-Feb-24 02:44:54 - Test:        122/228 (53%)

04-Feb-24 02:44:54 - Start Evaluation
04-Feb-24 02:44:55 - Predicting on the training set...
04-Feb-24 02:59:19 - Word Error Rate: 0.014335696813945567
04-Feb-24 02:59:19 - Predictions saved to: /output/results/torgo_xlsr_finetune_F01/F01_predictions_train.csv

04-Feb-24 02:59:19 - Predicting on the validation set...
04-Feb-24 03:00:17 - Word Error Rate: 0.24076488483268144
04-Feb-24 03:00:17 - Predictions saved to: /output/results/torgo_xlsr_finetune_F01/F01_predictions_validation.csv

04-Feb-24 03:00:17 - Predicting on the test set...
04-Feb-24 03:00:25 - Word Error Rate: 0.7871287128712872
04-Feb-24 03:00:25 - Predictions saved to: /output/results/torgo_xlsr_finetune_F01/F01_predictions_test.csv

04-Feb-24 03:00:25 - Summary of Word Error Rates saved to /output/results/torgo_xlsr_finetune_F01/F01_wer_summary.csv

04-Feb-24 03:00:25 - End of Script
04-Feb-24 03:00:25 - --------------------------------------------

