03-Feb-24 15:19:32 - Test Speaker: F01
03-Feb-24 15:19:32 - Log File Path: /output/logs/torgo_xlsr_finetune_F01/F01_train_20240203_151932.log

03-Feb-24 15:19:32 - Using GPU: Tesla T4

03-Feb-24 15:19:32 - Splitting the dataset into training / validation / test sets...
03-Feb-24 15:19:32 - Unique speakers found in the dataset:
03-Feb-24 15:19:32 - ['F01' 'F03' 'F04' 'FC01' 'FC02' 'FC03' 'M01' 'M02' 'M03' 'M04' 'M05'
 'MC01' 'MC02' 'MC03' 'MC04']

03-Feb-24 15:19:34 - After applying the text count threshold of 40, the number of data in each dataset is:
03-Feb-24 15:19:34 - Train:       13529/15091 (89%)
03-Feb-24 15:19:34 - Validation:  957/1075 (89%)
03-Feb-24 15:19:34 - Test:        134/228 (58%)

03-Feb-24 15:19:35 - Vocab Dictionary:
03-Feb-24 15:19:35 - {'[PAD]': 0, '<s>': 1, '</s>': 2, '[UNK]': 3, "'": 4, 'a': 5, 'b': 6, 'c': 7, 'd': 8, 'e': 9, 'f': 10, 'g': 11, 'h': 12, 'i': 13, 'j': 14, 'k': 15, 'l': 16, 'm': 17, 'n': 18, 'o': 19, 'p': 20, 'q': 21, 'r': 22, 's': 23, 't': 24, 'u': 25, 'v': 26, 'w': 27, 'x': 28, 'y': 29, 'z': 30, '|': 31}

03-Feb-24 15:20:20 - After filtering audio within a certain length, the number of data in each dataset is:
03-Feb-24 15:20:20 - Train:       13374/15091 (88%)
03-Feb-24 15:20:20 - Validation:  913/1075 (84%)
03-Feb-24 15:20:20 - Test:        122/228 (53%)

03-Feb-24 15:20:26 - Cloning https://huggingface.co/macarious/torgo_xlsr_finetune_F01 into local empty directory.
03-Feb-24 15:20:32 - Start Training
03-Feb-24 15:20:32 - Training Arguments:
03-Feb-24 15:20:32 - {'Training Epochs': 20, 'Training Batch Size': 4, 'Evaluation Batch Size': 4, 'Learning Rate': 0.0001, 'Weight Decay': 0.005}
03-Feb-24 15:20:32 - No checkpoint found in the repository. Training from scratch.
03-Feb-24 15:38:16 - Current Word Error Rate: 1.0
03-Feb-24 15:55:03 - Current Word Error Rate: 0.89587852494577
03-Feb-24 16:11:39 - Current Word Error Rate: 0.6563991323210412
03-Feb-24 16:28:18 - Current Word Error Rate: 0.5639913232104121
03-Feb-24 16:44:56 - Current Word Error Rate: 0.49023861171366595
03-Feb-24 17:01:38 - Current Word Error Rate: 0.49023861171366595
03-Feb-24 17:18:18 - Current Word Error Rate: 0.4017353579175705
03-Feb-24 17:34:59 - Current Word Error Rate: 0.37483731019522776
03-Feb-24 17:51:37 - Current Word Error Rate: 0.406941431670282
03-Feb-24 18:08:17 - Current Word Error Rate: 0.3488069414316703
03-Feb-24 18:25:03 - Current Word Error Rate: 0.3613882863340564
03-Feb-24 18:41:42 - Current Word Error Rate: 0.36355748373101954
03-Feb-24 18:58:25 - Current Word Error Rate: 0.3540130151843818
03-Feb-24 19:15:18 - Current Word Error Rate: 0.31323210412147506
03-Feb-24 19:32:08 - Current Word Error Rate: 0.2911062906724512
03-Feb-24 19:48:54 - Current Word Error Rate: 0.30325379609544467
03-Feb-24 20:05:42 - Current Word Error Rate: 0.29587852494577005
03-Feb-24 20:22:27 - Current Word Error Rate: 0.279826464208243
03-Feb-24 20:39:09 - Current Word Error Rate: 0.2984815618221258
03-Feb-24 20:55:51 - Current Word Error Rate: 0.2950108459869848
