01-Feb-24 04:16:10 - Test Speaker: M03
01-Feb-24 04:16:10 - Log File Path: /output/logs/M03_evaluate_20240201_041610.log

01-Feb-24 04:16:10 - Keep all data in training/validation/test sets

01-Feb-24 04:16:10 - Using GPU: Tesla T4

01-Feb-24 04:16:10 - Loading the model and processor from macarious/torgo_xlsr_finetune_M03_keep_all
01-Feb-24 04:16:46 - Model loaded from macarious/torgo_xlsr_finetune_M03_keep_all
01-Feb-24 04:16:47 - Processor loaded from macarious/torgo_xlsr_finetune_M03_keep_all

01-Feb-24 04:16:47 - Splitting the dataset into training / validation / test sets...
01-Feb-24 04:16:47 - Unique speakers found in the dataset:
01-Feb-24 04:16:47 - ['F01' 'F03' 'F04' 'FC01' 'FC02' 'FC03' 'M01' 'M02' 'M03' 'M04' 'M05'
 'MC01' 'MC02' 'MC03' 'MC04']

01-Feb-24 04:17:51 - After filtering audio within a certain length, the number of data in each dataset is:
01-Feb-24 04:17:51 - Train:       14265/14519 (98%)
01-Feb-24 04:17:51 - Validation:  1017/1075 (94%)
01-Feb-24 04:17:51 - Test:        800/800 (100%)

01-Feb-24 04:17:51 - Start Evaluation
01-Feb-24 04:17:52 - Predicting on the training set...
01-Feb-24 04:33:51 - Word Error Rate: 0.012880091795754446
01-Feb-24 04:33:51 - Predictions saved to: /output/results/torgo_xlsr_finetune_M03_keep_all/M03_predictions_train.csv

01-Feb-24 04:33:51 - Predicting on the validation set...
01-Feb-24 04:34:58 - Word Error Rate: 0.23749522718594884
01-Feb-24 04:34:58 - Predictions saved to: /output/results/torgo_xlsr_finetune_M03_keep_all/M03_predictions_validation.csv

01-Feb-24 04:34:58 - Predicting on the test set...
01-Feb-24 04:35:57 - Word Error Rate: 0.031746031746031744
01-Feb-24 04:35:57 - Predictions saved to: /output/results/torgo_xlsr_finetune_M03_keep_all/M03_predictions_test.csv

01-Feb-24 04:35:57 - Summary of Word Error Rates saved to /output/results/torgo_xlsr_finetune_M03_keep_all/M03_wer_summary.csv

01-Feb-24 04:35:57 - End of Script
01-Feb-24 04:35:57 - --------------------------------------------

