01-Feb-24 04:42:39 - Test Speaker: M04
01-Feb-24 04:42:39 - Log File Path: /output/logs/M04_train__keep_all_20240201_044239.log

01-Feb-24 04:42:39 - Keep all data in training/validation/test sets

01-Feb-24 04:42:40 - Using GPU: Tesla T4

01-Feb-24 04:42:40 - Splitting the dataset into training / validation / test sets...
01-Feb-24 04:42:40 - Unique speakers found in the dataset:
01-Feb-24 04:42:40 - ['F01' 'F03' 'F04' 'FC01' 'FC02' 'FC03' 'M01' 'M02' 'M03' 'M04' 'M05'
 'MC01' 'MC02' 'MC03' 'MC04']

01-Feb-24 04:42:40 - Vocab Dictionary:
01-Feb-24 04:42:40 - {'[PAD]': 0, '<s>': 1, '</s>': 2, '[UNK]': 3, "'": 4, 'a': 5, 'b': 6, 'c': 7, 'd': 8, 'e': 9, 'f': 10, 'g': 11, 'h': 12, 'i': 13, 'j': 14, 'k': 15, 'l': 16, 'm': 17, 'n': 18, 'o': 19, 'p': 20, 'q': 21, 'r': 22, 's': 23, 't': 24, 'u': 25, 'v': 26, 'w': 27, 'x': 28, 'y': 29, 'z': 30, '|': 31}

01-Feb-24 04:43:48 - After filtering audio within a certain length, the number of data in each dataset is:
01-Feb-24 04:43:48 - Train:       14487/14667 (98%)
01-Feb-24 04:43:48 - Validation:  1017/1075 (94%)
01-Feb-24 04:43:48 - Test:        578/652 (88%)

01-Feb-24 04:44:19 - Cloning https://huggingface.co/macarious/torgo_xlsr_finetune_M04__keep_all into local empty directory.
01-Feb-24 04:44:24 - Start Training
01-Feb-24 04:44:24 - Training Arguments:
01-Feb-24 04:44:24 - {'Training Epochs': 20, 'Training Batch Size': 4, 'Evaluation Batch Size': 4, 'Learning Rate': 0.0001, 'Weight Decay': 0.005}
01-Feb-24 04:44:24 - No checkpoint found in the repository. Training from scratch.
01-Feb-24 05:03:09 - Current Word Error Rate: 1.0
01-Feb-24 05:20:18 - Current Word Error Rate: 0.8589401448722837
01-Feb-24 05:37:23 - Current Word Error Rate: 0.6507815478459779
01-Feb-24 05:54:37 - Current Word Error Rate: 0.520777735417461
01-Feb-24 06:11:50 - Current Word Error Rate: 0.4586351505909264
01-Feb-24 06:29:06 - Current Word Error Rate: 0.4338543652306519
01-Feb-24 06:46:26 - Current Word Error Rate: 0.38658025162028214
01-Feb-24 07:03:41 - Current Word Error Rate: 0.3332062523827678
01-Feb-24 07:21:02 - Current Word Error Rate: 0.36294319481509724
01-Feb-24 07:38:13 - Current Word Error Rate: 0.32977506671749907
01-Feb-24 07:55:43 - Current Word Error Rate: 0.34731223789553944
01-Feb-24 08:12:59 - Current Word Error Rate: 0.34464353793366376
01-Feb-24 08:30:24 - Current Word Error Rate: 0.30995043842927944
01-Feb-24 08:47:40 - Current Word Error Rate: 0.31338162409454823
01-Feb-24 09:05:08 - Current Word Error Rate: 0.3091879527258864
01-Feb-24 09:22:25 - Current Word Error Rate: 0.2786885245901639
01-Feb-24 09:39:41 - Current Word Error Rate: 0.28631338162409453
01-Feb-24 09:57:08 - Current Word Error Rate: 0.26648875333587496
01-Feb-24 10:14:32 - Current Word Error Rate: 0.28516965306900494
01-Feb-24 10:31:40 - Current Word Error Rate: 0.2817384674037362
01-Feb-24 10:48:54 - Current Word Error Rate: 0.2634388105223027
01-Feb-24 11:06:07 - Current Word Error Rate: 0.27906976744186046
01-Feb-24 11:23:20 - Current Word Error Rate: 0.2722073961113229
01-Feb-24 11:40:34 - Current Word Error Rate: 0.26534502478078537
01-Feb-24 11:57:47 - Current Word Error Rate: 0.23903926801372474
01-Feb-24 12:14:52 - Current Word Error Rate: 0.2581014105985513
01-Feb-24 12:32:07 - Current Word Error Rate: 0.267251239039268
01-Feb-24 12:49:21 - Current Word Error Rate: 0.24285169653069005
