01-Feb-24 23:27:13 - Test Speaker: M04
01-Feb-24 23:27:13 - Log File Path: /output/logs/M04_evaluate_20240201_232713.log

01-Feb-24 23:27:13 - Keep all data in training/validation/test sets

01-Feb-24 23:27:13 - Using GPU: Tesla T4

01-Feb-24 23:27:13 - Loading the model and processor from macarious/torgo_xlsr_finetune_M04__keep_all
01-Feb-24 23:27:48 - Model loaded from macarious/torgo_xlsr_finetune_M04__keep_all
01-Feb-24 23:27:48 - Processor loaded from macarious/torgo_xlsr_finetune_M04__keep_all

01-Feb-24 23:27:49 - Splitting the dataset into training / validation / test sets...
01-Feb-24 23:27:49 - Unique speakers found in the dataset:
01-Feb-24 23:27:49 - ['F01' 'F03' 'F04' 'FC01' 'FC02' 'FC03' 'M01' 'M02' 'M03' 'M04' 'M05'
 'MC01' 'MC02' 'MC03' 'MC04']

01-Feb-24 23:28:55 - After filtering audio within a certain length, the number of data in each dataset is:
01-Feb-24 23:28:55 - Train:       14487/14667 (98%)
01-Feb-24 23:28:55 - Validation:  1017/1075 (94%)
01-Feb-24 23:28:55 - Test:        578/652 (88%)

01-Feb-24 23:28:55 - Start Evaluation
01-Feb-24 23:28:55 - Predicting on the training set...
01-Feb-24 23:44:37 - Word Error Rate: 0.011474085832845963
01-Feb-24 23:44:37 - Predictions saved to: /output/results/torgo_xlsr_finetune_M04__keep_all/M04_predictions_train.csv

01-Feb-24 23:44:37 - Predicting on the validation set...
01-Feb-24 23:45:41 - Word Error Rate: 0.23176785032455136
01-Feb-24 23:45:41 - Predictions saved to: /output/results/torgo_xlsr_finetune_M04__keep_all/M04_predictions_validation.csv

01-Feb-24 23:45:41 - Predicting on the test set...
01-Feb-24 23:46:24 - Word Error Rate: 0.6449948400412797
01-Feb-24 23:46:24 - Predictions saved to: /output/results/torgo_xlsr_finetune_M04__keep_all/M04_predictions_test.csv

01-Feb-24 23:46:24 - Summary of Word Error Rates saved to /output/results/torgo_xlsr_finetune_M04__keep_all/M04_wer_summary.csv

01-Feb-24 23:46:24 - End of Script
01-Feb-24 23:46:24 - --------------------------------------------

